1520028449320	geckodriver	INFO	geckodriver 0.19.1
1520028449325	geckodriver	INFO	Listening on 127.0.0.1:55265
1520028450439	mozrunner::runner	INFO	Running command: "/usr/bin/firefox" "-marionette" "--devtools" "-profile" "/tmp/rust_mozprofile.MQV5XjB3MQVl"
1520028451361	Marionette	INFO	Enabled via --marionette
1520028454726	Marionette	INFO	Listening on port 43739
1520028454775	Marionette	WARN	TLS certificate errors will be ignored for this session
1520028462125	geckodriver	INFO	geckodriver 0.19.1
1520028462130	geckodriver	INFO	Listening on 127.0.0.1:58819
1520028463264	mozrunner::runner	INFO	Running command: "/usr/bin/firefox" "-marionette" "--devtools" "-profile" "/tmp/rust_mozprofile.z3uTldIekS5D"
1520028464228	Marionette	INFO	Enabled via --marionette
1520028467542	Marionette	INFO	Listening on port 37667
1520028467585	Marionette	WARN	TLS certificate errors will be ignored for this session
JavaScript error: http://4444:test@cherry-pick-4a874f92.dev.equityins.net/scripts/error.js, line 4: TypeError: formObj.returnButton is undefined
1520028598812	geckodriver	INFO	geckodriver 0.19.1
1520028598817	geckodriver	INFO	Listening on 127.0.0.1:55045
1520028599930	mozrunner::runner	INFO	Running command: "/usr/bin/firefox" "-marionette" "--devtools" "-profile" "/tmp/rust_mozprofile.PbDM7mAyHqKI"
1520028600837	Marionette	INFO	Enabled via --marionette
1520028604259	Marionette	INFO	Listening on port 45795
1520028604345	Marionette	WARN	TLS certificate errors will be ignored for this session
1520028611213	geckodriver	INFO	geckodriver 0.19.1
1520028611219	geckodriver	INFO	Listening on 127.0.0.1:44291
1520028612324	mozrunner::runner	INFO	Running command: "/usr/bin/firefox" "-marionette" "--devtools" "-profile" "/tmp/rust_mozprofile.3GjE7FEzRI3D"
1520028613227	Marionette	INFO	Enabled via --marionette
1520028616541	Marionette	INFO	Listening on port 38301
1520028616642	Marionette	WARN	TLS certificate errors will be ignored for this session
1520028623989	geckodriver	INFO	geckodriver 0.19.1
1520028623994	geckodriver	INFO	Listening on 127.0.0.1:44237
1520028625100	mozrunner::runner	INFO	Running command: "/usr/bin/firefox" "-marionette" "--devtools" "-profile" "/tmp/rust_mozprofile.LE437d6jsdpL"
1520028626027	Marionette	INFO	Enabled via --marionette
1520028629336	Marionette	INFO	Listening on port 43485
1520028629414	Marionette	WARN	TLS certificate errors will be ignored for this session
1520029156700	geckodriver	INFO	geckodriver 0.19.1
1520029156706	geckodriver	INFO	Listening on 127.0.0.1:37361
1520029157821	mozrunner::runner	INFO	Running command: "/usr/bin/firefox" "-marionette" "--devtools" "-profile" "/tmp/rust_mozprofile.QKKAgRQYTxJd"
1520029158684	Marionette	INFO	Enabled via --marionette
1520029162049	Marionette	INFO	Listening on port 39555
1520029162141	Marionette	WARN	TLS certificate errors will be ignored for this session
1520029168021	geckodriver	INFO	geckodriver 0.19.1
1520029168026	geckodriver	INFO	Listening on 127.0.0.1:40117
1520029169136	mozrunner::runner	INFO	Running command: "/usr/bin/firefox" "-marionette" "--devtools" "-profile" "/tmp/rust_mozprofile.WXh61pMO8j68"
1520029170058	Marionette	INFO	Enabled via --marionette
1520029173621	Marionette	INFO	Listening on port 45435
1520029173659	Marionette	WARN	TLS certificate errors will be ignored for this session
1520029179527	geckodriver	INFO	geckodriver 0.19.1
1520029179531	geckodriver	INFO	Listening on 127.0.0.1:48215
1520029180638	mozrunner::runner	INFO	Running command: "/usr/bin/firefox" "-marionette" "--devtools" "-profile" "/tmp/rust_mozprofile.bqoiUwno4RAs"
1520029181525	Marionette	INFO	Enabled via --marionette
1520029184817	Marionette	INFO	Listening on port 45705
1520029184857	Marionette	WARN	TLS certificate errors will be ignored for this session
Handler function NetworkEventActorProxy.addSecurityInfo threw an exception: [Exception... "Component returned failure code: 0xc1f30001 (NS_ERROR_NOT_INITIALIZED) [nsIMessageSender.sendAsyncMessage]"  nsresult: "0xc1f30001 (NS_ERROR_NOT_INITIALIZED)"  location: "JS frame :: resource://devtools/shared/base-loader.js -> resource://devtools/shared/webconsole/network-monitor.js :: NetworkEventActorProxy.methodFactory/< :: line 1859"  data: no]
Stack: NetworkEventActorProxy.methodFactory/<@resource://devtools/shared/base-loader.js -> resource://devtools/shared/webconsole/network-monitor.js:1859:5
exports.makeInfallible/<@resource://devtools/shared/base-loader.js -> resource://devtools/shared/ThreadSafeDevToolsUtils.js:109:14
NetworkResponseListener.prototype._getSecurityInfo<@resource://devtools/shared/base-loader.js -> resource://devtools/shared/webconsole/network-monitor.js:516:5
exports.makeInfallible/<@resource://devtools/shared/base-loader.js -> resource://devtools/shared/ThreadSafeDevToolsUtils.js:109:14
onStartRequest@resource://devtools/shared/base-loader.js -> resource://devtools/shared/webconsole/network-monitor.js:436:5
Line: 1859, column: 0
console.error: 
  Handler function NetworkEventActorProxy.addSecurityInfo threw an exception: [Exception... "Component returned failure code: 0xc1f30001 (NS_ERROR_NOT_INITIALIZED) [nsIMessageSender.sendAsyncMessage]"  nsresult: "0xc1f30001 (NS_ERROR_NOT_INITIALIZED)"  location: "JS frame :: resource://devtools/shared/base-loader.js -> resource://devtools/shared/webconsole/network-monitor.js :: NetworkEventActorProxy.methodFactory/< :: line 1859"  data: no]
Stack: NetworkEventActorProxy.methodFactory/<@resource://devtools/shared/base-loader.js -> resource://devtools/shared/webconsole/network-monitor.js:1859:5
exports.makeInfallible/<@resource://devtools/shared/base-loader.js -> resource://devtools/shared/ThreadSafeDevToolsUtils.js:109:14
NetworkResponseListener.prototype._getSecurityInfo<@resource://devtools/shared/base-loader.js -> resource://devtools/shared/webconsole/network-monitor.js:516:5
exports.makeInfallible/<@resource://devtools/shared/base-loader.js -> resource://devtools/shared/ThreadSafeDevToolsUtils.js:109:14
onStartRequest@resource://devtools/shared/base-loader.js -> resource://devtools/shared/webconsole/network-monitor.js:436:5
Line: 1859, column: 0
Handler function NetworkEventActorProxy.addResponseContent threw an exception: [Exception... "Component returned failure code: 0xc1f30001 (NS_ERROR_NOT_INITIALIZED) [nsIMessageSender.sendAsyncMessage]"  nsresult: "0xc1f30001 (NS_ERROR_NOT_INITIALIZED)"  location: "JS frame :: resource://devtools/shared/base-loader.js -> resource://devtools/shared/webconsole/network-monitor.js :: NetworkEventActorProxy.methodFactory/< :: line 1859"  data: no]
Stack: NetworkEventActorProxy.methodFactory/<@resource://devtools/shared/base-loader.js -> resource://devtools/shared/webconsole/network-monitor.js:1859:5
exports.makeInfallible/<@resource://devtools/shared/base-loader.js -> resource://devtools/shared/ThreadSafeDevToolsUtils.js:109:14
_onComplete@resource://devtools/shared/base-loader.js -> resource://devtools/shared/webconsole/network-monitor.js:641:5
onStreamClose@resource://devtools/shared/base-loader.js -> resource://devtools/shared/webconsole/network-monitor.js:590:7
onInputStreamReady@resource://devtools/shared/base-loader.js -> resource://devtools/shared/webconsole/network-monitor.js:689:7
Line: 1859, column: 0
console.error: 
  Handler function NetworkEventActorProxy.addResponseContent threw an exception: [Exception... "Component returned failure code: 0xc1f30001 (NS_ERROR_NOT_INITIALIZED) [nsIMessageSender.sendAsyncMessage]"  nsresult: "0xc1f30001 (NS_ERROR_NOT_INITIALIZED)"  location: "JS frame :: resource://devtools/shared/base-loader.js -> resource://devtools/shared/webconsole/network-monitor.js :: NetworkEventActorProxy.methodFactory/< :: line 1859"  data: no]
Stack: NetworkEventActorProxy.methodFactory/<@resource://devtools/shared/base-loader.js -> resource://devtools/shared/webconsole/network-monitor.js:1859:5
exports.makeInfallible/<@resource://devtools/shared/base-loader.js -> resource://devtools/shared/ThreadSafeDevToolsUtils.js:109:14
_onComplete@resource://devtools/shared/base-loader.js -> resource://devtools/shared/webconsole/network-monitor.js:641:5
onStreamClose@resource://devtools/shared/base-loader.js -> resource://devtools/shared/webconsole/network-monitor.js:590:7
onInputStreamReady@resource://devtools/shared/base-loader.js -> resource://devtools/shared/webconsole/network-monitor.js:689:7
Line: 1859, column: 0
*** UTM:SVC TimerManager:registerTimer called after profile-before-change notification. Ignoring timer registration for id: telemetry_modules_ping
*** UTM:SVC TimerManager:registerTimer called after profile-before-change notification. Ignoring timer registration for id: telemetry_modules_ping
*** UTM:SVC TimerManager:registerTimer called after profile-before-change notification. Ignoring timer registration for id: telemetry_modules_ping
1520030861227	geckodriver	INFO	geckodriver 0.19.1
1520030861233	geckodriver	INFO	Listening on 127.0.0.1:39107
1520030862360	mozrunner::runner	INFO	Running command: "/usr/bin/firefox" "-marionette" "--devtools" "-profile" "/tmp/rust_mozprofile.rK0dGtgTIXHG"
1520030863324	Marionette	INFO	Enabled via --marionette
1520030866698	Marionette	INFO	Listening on port 34293
1520030867273	Marionette	WARN	TLS certificate errors will be ignored for this session
JavaScript error: http://5121:test@360-update-address.dev.equityins.net/scripts/error.js, line 4: TypeError: formObj.returnButton is undefined
1520263402851	geckodriver	INFO	geckodriver 0.19.1
1520263402880	geckodriver	INFO	Listening on 127.0.0.1:57035
1520263404102	mozrunner::runner	INFO	Running command: "/usr/bin/firefox" "-marionette" "--devtools" "-profile" "/tmp/rust_mozprofile.94QPtp7cNnu9"
1520263405581	Marionette	INFO	Enabled via --marionette
1520263410756	Marionette	INFO	Listening on port 46071
1520263410861	Marionette	WARN	TLS certificate errors will be ignored for this session
JavaScript error: http://5121:test@360-update-address.dev.equityins.net/scripts/error.js, line 4: TypeError: formObj.returnButton is undefined
*** UTM:SVC TimerManager:registerTimer called after profile-before-change notification. Ignoring timer registration for id: telemetry_modules_ping
1520263491224	geckodriver	INFO	geckodriver 0.19.1
1520263491229	geckodriver	INFO	Listening on 127.0.0.1:50085
1520263492354	mozrunner::runner	INFO	Running command: "/usr/bin/firefox" "-marionette" "--devtools" "-profile" "/tmp/rust_mozprofile.gAphIJmyq6oL"
1520263493508	Marionette	INFO	Enabled via --marionette
1520263496741	Marionette	INFO	Listening on port 39763
1520263496773	Marionette	WARN	TLS certificate errors will be ignored for this session
1520264114005	geckodriver	INFO	geckodriver 0.19.1
1520264114012	geckodriver	INFO	Listening on 127.0.0.1:52761
1520264115134	mozrunner::runner	INFO	Running command: "/usr/bin/firefox" "-marionette" "--devtools" "-profile" "/tmp/rust_mozprofile.WJsvH8lgH6iD"
1520264116004	Marionette	INFO	Enabled via --marionette
1520264119398	Marionette	INFO	Listening on port 34361
1520264119459	Marionette	WARN	TLS certificate errors will be ignored for this session
JavaScript error: http://5121:test@360-update-address.dev.equityins.net/scripts/error.js, line 4: TypeError: formObj.returnButton is undefined
1520264668278	geckodriver	INFO	geckodriver 0.19.1
1520264668283	geckodriver	INFO	Listening on 127.0.0.1:56789
1520264669406	mozrunner::runner	INFO	Running command: "/usr/bin/firefox" "-marionette" "--devtools" "-profile" "/tmp/rust_mozprofile.FTEpI8ebRWl7"
1520264670269	Marionette	INFO	Enabled via --marionette
1520264673554	Marionette	INFO	Listening on port 37807
1520264674147	Marionette	WARN	TLS certificate errors will be ignored for this session
1520264682504	geckodriver	INFO	geckodriver 0.19.1
1520264682508	geckodriver	INFO	Listening on 127.0.0.1:49853
1520264683630	mozrunner::runner	INFO	Running command: "/usr/bin/firefox" "-marionette" "--devtools" "-profile" "/tmp/rust_mozprofile.5hV2oWIdKh1A"
1520264684550	Marionette	INFO	Enabled via --marionette
1520264688105	Marionette	INFO	Listening on port 43607
1520264688670	Marionette	WARN	TLS certificate errors will be ignored for this session
JavaScript error: http://4444:test@360-update-address.dev.equityins.net/scripts/error.js, line 4: TypeError: formObj.returnButton is undefined
1520265098994	geckodriver	INFO	geckodriver 0.19.1
1520265099000	geckodriver	INFO	Listening on 127.0.0.1:41265
1520265100118	mozrunner::runner	INFO	Running command: "/usr/bin/firefox" "-marionette" "--devtools" "-profile" "/tmp/rust_mozprofile.dve2mmiMDbqN"
1520265101112	Marionette	INFO	Enabled via --marionette
1520265104559	Marionette	INFO	Listening on port 42617
1520265104633	Marionette	WARN	TLS certificate errors will be ignored for this session
1520265112891	geckodriver	INFO	geckodriver 0.19.1
1520265112895	geckodriver	INFO	Listening on 127.0.0.1:42705
1520265114017	mozrunner::runner	INFO	Running command: "/usr/bin/firefox" "-marionette" "--devtools" "-profile" "/tmp/rust_mozprofile.4KPFhhZ0hMjf"
1520265114982	Marionette	INFO	Enabled via --marionette
1520265118525	Marionette	INFO	Listening on port 43341
1520265118534	Marionette	WARN	TLS certificate errors will be ignored for this session
JavaScript error: http://4444:test@360-update-address.dev.equityins.net/scripts/error.js, line 4: TypeError: formObj.returnButton is undefined
*** UTM:SVC TimerManager:registerTimer called after profile-before-change notification. Ignoring timer registration for id: telemetry_modules_ping
*** UTM:SVC TimerManager:registerTimer called after profile-before-change notification. Ignoring timer registration for id: telemetry_modules_ping
1520265162889	geckodriver	INFO	geckodriver 0.19.1
1520265162896	geckodriver	INFO	Listening on 127.0.0.1:38801
1520265164024	mozrunner::runner	INFO	Running command: "/usr/bin/firefox" "-marionette" "--devtools" "-profile" "/tmp/rust_mozprofile.XJ1mH8of2htj"
1520265165070	Marionette	INFO	Enabled via --marionette
1520265168561	Marionette	INFO	Listening on port 42553
1520265168640	Marionette	WARN	TLS certificate errors will be ignored for this session
1520265176645	geckodriver	INFO	geckodriver 0.19.1
1520265176651	geckodriver	INFO	Listening on 127.0.0.1:36487
1520265177767	mozrunner::runner	INFO	Running command: "/usr/bin/firefox" "-marionette" "--devtools" "-profile" "/tmp/rust_mozprofile.LeZ0gB2zAbuI"
1520265178734	Marionette	INFO	Enabled via --marionette
1520265182222	Marionette	INFO	Listening on port 35377
1520265182289	Marionette	WARN	TLS certificate errors will be ignored for this session
1520265189669	geckodriver	INFO	geckodriver 0.19.1
1520265189675	geckodriver	INFO	Listening on 127.0.0.1:33839
1520265190787	mozrunner::runner	INFO	Running command: "/usr/bin/firefox" "-marionette" "--devtools" "-profile" "/tmp/rust_mozprofile.BLzTgKzcaeUW"
1520265191755	Marionette	INFO	Enabled via --marionette
1520265195190	Marionette	INFO	Listening on port 42909
1520265195768	Marionette	WARN	TLS certificate errors will be ignored for this session
*** UTM:SVC TimerManager:registerTimer called after profile-before-change notification. Ignoring timer registration for id: telemetry_modules_ping
*** UTM:SVC TimerManager:registerTimer called after profile-before-change notification. Ignoring timer registration for id: telemetry_modules_ping
*** UTM:SVC TimerManager:registerTimer called after profile-before-change notification. Ignoring timer registration for id: telemetry_modules_ping
1520265567443	geckodriver	INFO	geckodriver 0.19.1
1520265567449	geckodriver	INFO	Listening on 127.0.0.1:42179
1520265568578	mozrunner::runner	INFO	Running command: "/usr/bin/firefox" "-marionette" "--devtools" "-profile" "/tmp/rust_mozprofile.Fx7cOIvGoAB9"
1520265569523	Marionette	INFO	Enabled via --marionette
1520265572989	Marionette	INFO	Listening on port 40979
1520265573004	Marionette	WARN	TLS certificate errors will be ignored for this session
1520265581786	geckodriver	INFO	geckodriver 0.19.1
1520265581791	geckodriver	INFO	Listening on 127.0.0.1:53023
1520265582914	mozrunner::runner	INFO	Running command: "/usr/bin/firefox" "-marionette" "--devtools" "-profile" "/tmp/rust_mozprofile.lep46D2qp5Yj"
1520265583836	Marionette	INFO	Enabled via --marionette
1520265587205	Marionette	INFO	Listening on port 45503
1520265587236	Marionette	WARN	TLS certificate errors will be ignored for this session
1520265595543	geckodriver	INFO	geckodriver 0.19.1
1520265595548	geckodriver	INFO	Listening on 127.0.0.1:59467
1520265596665	mozrunner::runner	INFO	Running command: "/usr/bin/firefox" "-marionette" "--devtools" "-profile" "/tmp/rust_mozprofile.lWa0xTm08KiD"
1520265597652	Marionette	INFO	Enabled via --marionette
1520265601026	Marionette	INFO	Listening on port 35817
1520265601080	Marionette	WARN	TLS certificate errors will be ignored for this session
1520267986515	geckodriver	INFO	geckodriver 0.19.1
1520267986523	geckodriver	INFO	Listening on 127.0.0.1:46117
1520267987648	mozrunner::runner	INFO	Running command: "/usr/bin/firefox" "-marionette" "--devtools" "-profile" "/tmp/rust_mozprofile.Nu7WN5ZyoVgO"
1520267988606	Marionette	INFO	Enabled via --marionette
1520267991981	Marionette	INFO	Listening on port 43923
1520267992504	Marionette	WARN	TLS certificate errors will be ignored for this session
JavaScript error: http://5121:test@stage.dev.equityins.net/scripts/error.js, line 4: TypeError: formObj.returnButton is undefined
*** UTM:SVC TimerManager:registerTimer called after profile-before-change notification. Ignoring timer registration for id: telemetry_modules_ping
1520268206086	geckodriver	INFO	geckodriver 0.19.1
1520268206092	geckodriver	INFO	Listening on 127.0.0.1:55847
1520268207221	mozrunner::runner	INFO	Running command: "/usr/bin/firefox" "-marionette" "--devtools" "-profile" "/tmp/rust_mozprofile.rJ5xYYTXTSlB"
1520268208168	Marionette	INFO	Enabled via --marionette
1520268211666	Marionette	INFO	Listening on port 40581
1520268212262	Marionette	WARN	TLS certificate errors will be ignored for this session
1520268220198	geckodriver	INFO	geckodriver 0.19.1
1520268220206	geckodriver	INFO	Listening on 127.0.0.1:56591
1520268221313	mozrunner::runner	INFO	Running command: "/usr/bin/firefox" "-marionette" "--devtools" "-profile" "/tmp/rust_mozprofile.zaZdf1WsAsp5"
1520268222310	Marionette	INFO	Enabled via --marionette
1520268225698	Marionette	INFO	Listening on port 35737
1520268226262	Marionette	WARN	TLS certificate errors will be ignored for this session
1520268233769	geckodriver	INFO	geckodriver 0.19.1
1520268233777	geckodriver	INFO	Listening on 127.0.0.1:47281
1520268234891	mozrunner::runner	INFO	Running command: "/usr/bin/firefox" "-marionette" "--devtools" "-profile" "/tmp/rust_mozprofile.jbMizZoy1Esv"
1520268235946	Marionette	INFO	Enabled via --marionette
1520268239307	Marionette	INFO	Listening on port 39651
1520268239901	Marionette	WARN	TLS certificate errors will be ignored for this session
1520268854284	geckodriver	INFO	geckodriver 0.19.1
1520268854312	geckodriver	INFO	Listening on 127.0.0.1:33757
1520268854546	mozrunner::runner	INFO	Running command: "/usr/bin/firefox" "-marionette" "--devtools" "-profile" "/tmp/rust_mozprofile.KFjL9j4Qxk6M"
1520268857562	Marionette	INFO	Enabled via --marionette
1520268862017	Marionette	INFO	Listening on port 35649
1520268862087	Marionette	WARN	TLS certificate errors will be ignored for this session
1520268870668	geckodriver	INFO	geckodriver 0.19.1
1520268870673	geckodriver	INFO	Listening on 127.0.0.1:53283
1520268871795	mozrunner::runner	INFO	Running command: "/usr/bin/firefox" "-marionette" "--devtools" "-profile" "/tmp/rust_mozprofile.Q95IKR9o2pYA"
1520268872771	Marionette	INFO	Enabled via --marionette
1520268876217	Marionette	INFO	Listening on port 39909
1520268876314	Marionette	WARN	TLS certificate errors will be ignored for this session
1520268883639	geckodriver	INFO	geckodriver 0.19.1
1520268883644	geckodriver	INFO	Listening on 127.0.0.1:58835
1520268884766	mozrunner::runner	INFO	Running command: "/usr/bin/firefox" "-marionette" "--devtools" "-profile" "/tmp/rust_mozprofile.GA1sXE8RZNMo"
1520268885748	Marionette	INFO	Enabled via --marionette
1520268889399	Marionette	INFO	Listening on port 43691
1520268889488	Marionette	WARN	TLS certificate errors will be ignored for this session
1520518638482	geckodriver	INFO	geckodriver 0.19.1
1520518638512	geckodriver	INFO	Listening on 127.0.0.1:34917
1520518639743	mozrunner::runner	INFO	Running command: "/usr/bin/firefox" "-marionette" "--devtools" "-profile" "/tmp/rust_mozprofile.2EIqmf0CduqT"
1520518644741	Marionette	INFO	Enabled via --marionette
1520518650975	Marionette	INFO	Listening on port 37861
1520518650989	Marionette	WARN	TLS certificate errors will be ignored for this session
*** UTM:SVC TimerManager:registerTimer called after profile-before-change notification. Ignoring timer registration for id: telemetry_modules_ping
1520520861348	geckodriver	INFO	geckodriver 0.19.1
1520520861383	geckodriver	INFO	Listening on 127.0.0.1:37207
1520520862632	mozrunner::runner	INFO	Running command: "/usr/bin/firefox" "-marionette" "--devtools" "-profile" "/tmp/rust_mozprofile.BcEBw0NBfabT"
1520520864044	Marionette	INFO	Enabled via --marionette
1520520867945	Marionette	INFO	Listening on port 41719
1520520868517	Marionette	WARN	TLS certificate errors will be ignored for this session
*** UTM:SVC TimerManager:registerTimer called after profile-before-change notification. Ignoring timer registration for id: telemetry_modules_ping
1520525134176	geckodriver	INFO	geckodriver 0.19.1
1520525134203	geckodriver	INFO	Listening on 127.0.0.1:36889
1520525135324	mozrunner::runner	INFO	Running command: "/usr/bin/firefox" "-marionette" "--devtools" "-profile" "/tmp/rust_mozprofile.dswbUCY1p4sb"
1520525138063	Marionette	INFO	Enabled via --marionette
1520525143149	Marionette	INFO	Listening on port 39803
1520525143736	Marionette	WARN	TLS certificate errors will be ignored for this session
1520525154339	geckodriver	INFO	geckodriver 0.19.1
1520525154343	geckodriver	INFO	Listening on 127.0.0.1:34239
1520525155459	mozrunner::runner	INFO	Running command: "/usr/bin/firefox" "-marionette" "--devtools" "-profile" "/tmp/rust_mozprofile.v3OQyny2EKBF"
1520525157303	Marionette	INFO	Enabled via --marionette
1520525161720	Marionette	INFO	Listening on port 36121
1520525161779	Marionette	WARN	TLS certificate errors will be ignored for this session
1520525172515	geckodriver	INFO	geckodriver 0.19.1
1520525172521	geckodriver	INFO	Listening on 127.0.0.1:34161
1520525173665	mozrunner::runner	INFO	Running command: "/usr/bin/firefox" "-marionette" "--devtools" "-profile" "/tmp/rust_mozprofile.8mwDT17iFp7e"
1520525175105	Marionette	INFO	Enabled via --marionette
1520525180352	Marionette	INFO	Listening on port 41235
1520525180806	Marionette	WARN	TLS certificate errors will be ignored for this session
1520544073993	geckodriver	INFO	geckodriver 0.19.1
1520544074023	geckodriver	INFO	Listening on 127.0.0.1:58775
1520544075252	mozrunner::runner	INFO	Running command: "/usr/bin/firefox" "-marionette" "--devtools" "-profile" "/tmp/rust_mozprofile.e1g1MlsXKEzX"
1520544077750	Marionette	INFO	Enabled via --marionette
1520544084097	Marionette	INFO	Listening on port 38605
1520544084185	Marionette	WARN	TLS certificate errors will be ignored for this session
1520544093638	geckodriver	INFO	geckodriver 0.19.1
1520544093642	geckodriver	INFO	Listening on 127.0.0.1:47107
1520544094760	mozrunner::runner	INFO	Running command: "/usr/bin/firefox" "-marionette" "--devtools" "-profile" "/tmp/rust_mozprofile.m039ts8SPxbY"
1520544095932	Marionette	INFO	Enabled via --marionette
1520544099780	Marionette	INFO	Listening on port 36137
1520544099877	Marionette	WARN	TLS certificate errors will be ignored for this session
1520544109760	geckodriver	INFO	geckodriver 0.19.1
1520544109766	geckodriver	INFO	Listening on 127.0.0.1:34381
1520544110899	mozrunner::runner	INFO	Running command: "/usr/bin/firefox" "-marionette" "--devtools" "-profile" "/tmp/rust_mozprofile.d7ZPhXYX1SbX"
1520544112451	Marionette	INFO	Enabled via --marionette
1520544116390	Marionette	INFO	Listening on port 46363
1520544116505	Marionette	WARN	TLS certificate errors will be ignored for this session
1520544437628	geckodriver	INFO	geckodriver 0.19.1
1520544437633	geckodriver	INFO	Listening on 127.0.0.1:43851
1520544438784	mozrunner::runner	INFO	Running command: "/usr/bin/firefox" "-marionette" "--devtools" "-profile" "/tmp/rust_mozprofile.h8DSK0QpcU6H"
1520544440270	Marionette	INFO	Enabled via --marionette
1520544444029	Marionette	INFO	Listening on port 38181
1520544444110	Marionette	WARN	TLS certificate errors will be ignored for this session
*** UTM:SVC TimerManager:registerTimer called after profile-before-change notification. Ignoring timer registration for id: telemetry_modules_ping
1520544574396	geckodriver	INFO	geckodriver 0.19.1
1520544574401	geckodriver	INFO	Listening on 127.0.0.1:56065
1520544575516	mozrunner::runner	INFO	Running command: "/usr/bin/firefox" "-marionette" "--devtools" "-profile" "/tmp/rust_mozprofile.lILJoBtHMXaX"
1520544576475	Marionette	INFO	Enabled via --marionette
1520544580029	Marionette	INFO	Listening on port 43497
1520544580701	Marionette	WARN	TLS certificate errors will be ignored for this session
1520544588912	geckodriver	INFO	geckodriver 0.19.1
1520544588917	geckodriver	INFO	Listening on 127.0.0.1:54939
1520544590034	mozrunner::runner	INFO	Running command: "/usr/bin/firefox" "-marionette" "--devtools" "-profile" "/tmp/rust_mozprofile.hIQ9vsfZoPUh"
1520544591203	Marionette	INFO	Enabled via --marionette
1520544595107	Marionette	INFO	Listening on port 39881
1520544595156	Marionette	WARN	TLS certificate errors will be ignored for this session
1520544602556	geckodriver	INFO	geckodriver 0.19.1
1520544602561	geckodriver	INFO	Listening on 127.0.0.1:38681
1520544603677	mozrunner::runner	INFO	Running command: "/usr/bin/firefox" "-marionette" "--devtools" "-profile" "/tmp/rust_mozprofile.Cx8GV9pNfzL5"
1520544604697	Marionette	INFO	Enabled via --marionette
1520544608662	Marionette	INFO	Listening on port 35013
1520544608698	Marionette	WARN	TLS certificate errors will be ignored for this session
1520630895947	geckodriver	INFO	geckodriver 0.19.1
1520630895980	geckodriver	INFO	Listening on 127.0.0.1:42159
1520630897206	mozrunner::runner	INFO	Running command: "/usr/bin/firefox" "-marionette" "--devtools" "-profile" "/tmp/rust_mozprofile.twyWXtjPeWnZ"
1520630898624	Marionette	INFO	Enabled via --marionette
1520630902211	Marionette	INFO	Listening on port 34165
1520630902244	Marionette	WARN	TLS certificate errors will be ignored for this session
1520630909776	geckodriver	INFO	geckodriver 0.19.1
1520630909781	geckodriver	INFO	Listening on 127.0.0.1:35825
1520630910901	mozrunner::runner	INFO	Running command: "/usr/bin/firefox" "-marionette" "--devtools" "-profile" "/tmp/rust_mozprofile.iHb7yNUy9xY6"
1520630912050	Marionette	INFO	Enabled via --marionette
1520630915431	Marionette	INFO	Listening on port 32831
1520630915519	Marionette	WARN	TLS certificate errors will be ignored for this session
1520630922102	geckodriver	INFO	geckodriver 0.19.1
1520630922106	geckodriver	INFO	Listening on 127.0.0.1:47317
1520630923227	mozrunner::runner	INFO	Running command: "/usr/bin/firefox" "-marionette" "--devtools" "-profile" "/tmp/rust_mozprofile.23URFn6Abqt7"
1520630924174	Marionette	INFO	Enabled via --marionette
1520630927600	Marionette	INFO	Listening on port 42915
1520630927649	Marionette	WARN	TLS certificate errors will be ignored for this session
1520631988639	geckodriver	INFO	geckodriver 0.19.1
1520631988647	geckodriver	INFO	Listening on 127.0.0.1:51735
1520631989764	mozrunner::runner	INFO	Running command: "/usr/bin/firefox" "-marionette" "--devtools" "-profile" "/tmp/rust_mozprofile.PIlzv5BPIRe1"
1520631990716	Marionette	INFO	Enabled via --marionette
1520631994022	Marionette	INFO	Listening on port 40449
1520631994684	Marionette	WARN	TLS certificate errors will be ignored for this session
1520632002926	geckodriver	INFO	geckodriver 0.19.1
1520632002932	geckodriver	INFO	Listening on 127.0.0.1:43721
1520632004049	mozrunner::runner	INFO	Running command: "/usr/bin/firefox" "-marionette" "--devtools" "-profile" "/tmp/rust_mozprofile.ZAokx1Dftz6J"
1520632004969	Marionette	INFO	Enabled via --marionette
1520632008375	Marionette	INFO	Listening on port 36061
1520632008470	Marionette	WARN	TLS certificate errors will be ignored for this session
1520632018240	geckodriver	INFO	geckodriver 0.19.1
1520632018244	geckodriver	INFO	Listening on 127.0.0.1:50223
1520632019363	mozrunner::runner	INFO	Running command: "/usr/bin/firefox" "-marionette" "--devtools" "-profile" "/tmp/rust_mozprofile.JtBP1eqXltWH"
1520632020269	Marionette	INFO	Enabled via --marionette
1520632023795	Marionette	INFO	Listening on port 44573
1520632024307	Marionette	WARN	TLS certificate errors will be ignored for this session
1520632538618	geckodriver	INFO	geckodriver 0.19.1
1520632538648	geckodriver	INFO	Listening on 127.0.0.1:36187
1520632539865	mozrunner::runner	INFO	Running command: "/usr/bin/firefox" "-marionette" "--devtools" "-profile" "/tmp/rust_mozprofile.rq6IJyCrAQGX"
1520632544613	Marionette	INFO	Enabled via --marionette
1520632551233	Marionette	INFO	Listening on port 39337
1520632552928	Marionette	WARN	TLS certificate errors will be ignored for this session
1520632559907	geckodriver	INFO	geckodriver 0.19.1
1520632559912	geckodriver	INFO	Listening on 127.0.0.1:48307
1520632561033	mozrunner::runner	INFO	Running command: "/usr/bin/firefox" "-marionette" "--devtools" "-profile" "/tmp/rust_mozprofile.aa7XIjyzbRAs"
1520632562121	Marionette	INFO	Enabled via --marionette
1520632566046	Marionette	INFO	Listening on port 36979
1520632566156	Marionette	WARN	TLS certificate errors will be ignored for this session
Handler function NetworkEventActorProxy.addSecurityInfo threw an exception: [Exception... "Component returned failure code: 0xc1f30001 (NS_ERROR_NOT_INITIALIZED) [nsIMessageSender.sendAsyncMessage]"  nsresult: "0xc1f30001 (NS_ERROR_NOT_INITIALIZED)"  location: "JS frame :: resource://devtools/shared/base-loader.js -> resource://devtools/shared/webconsole/network-monitor.js :: NetworkEventActorProxy.methodFactory/< :: line 1859"  data: no]
Stack: NetworkEventActorProxy.methodFactory/<@resource://devtools/shared/base-loader.js -> resource://devtools/shared/webconsole/network-monitor.js:1859:5
exports.makeInfallible/<@resource://devtools/shared/base-loader.js -> resource://devtools/shared/ThreadSafeDevToolsUtils.js:109:14
NetworkResponseListener.prototype._getSecurityInfo<@resource://devtools/shared/base-loader.js -> resource://devtools/shared/webconsole/network-monitor.js:516:5
exports.makeInfallible/<@resource://devtools/shared/base-loader.js -> resource://devtools/shared/ThreadSafeDevToolsUtils.js:109:14
onStartRequest@resource://devtools/shared/base-loader.js -> resource://devtools/shared/webconsole/network-monitor.js:436:5
Line: 1859, column: 0
console.error: 
  Handler function NetworkEventActorProxy.addSecurityInfo threw an exception: [Exception... "Component returned failure code: 0xc1f30001 (NS_ERROR_NOT_INITIALIZED) [nsIMessageSender.sendAsyncMessage]"  nsresult: "0xc1f30001 (NS_ERROR_NOT_INITIALIZED)"  location: "JS frame :: resource://devtools/shared/base-loader.js -> resource://devtools/shared/webconsole/network-monitor.js :: NetworkEventActorProxy.methodFactory/< :: line 1859"  data: no]
Stack: NetworkEventActorProxy.methodFactory/<@resource://devtools/shared/base-loader.js -> resource://devtools/shared/webconsole/network-monitor.js:1859:5
exports.makeInfallible/<@resource://devtools/shared/base-loader.js -> resource://devtools/shared/ThreadSafeDevToolsUtils.js:109:14
NetworkResponseListener.prototype._getSecurityInfo<@resource://devtools/shared/base-loader.js -> resource://devtools/shared/webconsole/network-monitor.js:516:5
exports.makeInfallible/<@resource://devtools/shared/base-loader.js -> resource://devtools/shared/ThreadSafeDevToolsUtils.js:109:14
onStartRequest@resource://devtools/shared/base-loader.js -> resource://devtools/shared/webconsole/network-monitor.js:436:5
Line: 1859, column: 0
Handler function NetworkEventActorProxy.addSecurityInfo threw an exception: [Exception... "Component returned failure code: 0xc1f30001 (NS_ERROR_NOT_INITIALIZED) [nsIMessageSender.sendAsyncMessage]"  nsresult: "0xc1f30001 (NS_ERROR_NOT_INITIALIZED)"  location: "JS frame :: resource://devtools/shared/base-loader.js -> resource://devtools/shared/webconsole/network-monitor.js :: NetworkEventActorProxy.methodFactory/< :: line 1859"  data: no]
Stack: NetworkEventActorProxy.methodFactory/<@resource://devtools/shared/base-loader.js -> resource://devtools/shared/webconsole/network-monitor.js:1859:5
exports.makeInfallible/<@resource://devtools/shared/base-loader.js -> resource://devtools/shared/ThreadSafeDevToolsUtils.js:109:14
NetworkResponseListener.prototype._getSecurityInfo<@resource://devtools/shared/base-loader.js -> resource://devtools/shared/webconsole/network-monitor.js:516:5
exports.makeInfallible/<@resource://devtools/shared/base-loader.js -> resource://devtools/shared/ThreadSafeDevToolsUtils.js:109:14
onStartRequest@resource://devtools/shared/base-loader.js -> resource://devtools/shared/webconsole/network-monitor.js:436:5
Line: 1859, column: 0
console.error: 
  Handler function NetworkEventActorProxy.addSecurityInfo threw an exception: [Exception... "Component returned failure code: 0xc1f30001 (NS_ERROR_NOT_INITIALIZED) [nsIMessageSender.sendAsyncMessage]"  nsresult: "0xc1f30001 (NS_ERROR_NOT_INITIALIZED)"  location: "JS frame :: resource://devtools/shared/base-loader.js -> resource://devtools/shared/webconsole/network-monitor.js :: NetworkEventActorProxy.methodFactory/< :: line 1859"  data: no]
Stack: NetworkEventActorProxy.methodFactory/<@resource://devtools/shared/base-loader.js -> resource://devtools/shared/webconsole/network-monitor.js:1859:5
exports.makeInfallible/<@resource://devtools/shared/base-loader.js -> resource://devtools/shared/ThreadSafeDevToolsUtils.js:109:14
NetworkResponseListener.prototype._getSecurityInfo<@resource://devtools/shared/base-loader.js -> resource://devtools/shared/webconsole/network-monitor.js:516:5
exports.makeInfallible/<@resource://devtools/shared/base-loader.js -> resource://devtools/shared/ThreadSafeDevToolsUtils.js:109:14
onStartRequest@resource://devtools/shared/base-loader.js -> resource://devtools/shared/webconsole/network-monitor.js:436:5
Line: 1859, column: 0
Handler function NetworkEventActorProxy.addResponseContent threw an exception: [Exception... "Component returned failure code: 0xc1f30001 (NS_ERROR_NOT_INITIALIZED) [nsIMessageSender.sendAsyncMessage]"  nsresult: "0xc1f30001 (NS_ERROR_NOT_INITIALIZED)"  location: "JS frame :: resource://devtools/shared/base-loader.js -> resource://devtools/shared/webconsole/network-monitor.js :: NetworkEventActorProxy.methodFactory/< :: line 1859"  data: no]
Stack: NetworkEventActorProxy.methodFactory/<@resource://devtools/shared/base-loader.js -> resource://devtools/shared/webconsole/network-monitor.js:1859:5
exports.makeInfallible/<@resource://devtools/shared/base-loader.js -> resource://devtools/shared/ThreadSafeDevToolsUtils.js:109:14
_onComplete@resource://devtools/shared/base-loader.js -> resource://devtools/shared/webconsole/network-monitor.js:641:5
onStreamClose@resource://devtools/shared/base-loader.js -> resource://devtools/shared/webconsole/network-monitor.js:598:7
onInputStreamReady@resource://devtools/shared/base-loader.js -> resource://devtools/shared/webconsole/network-monitor.js:689:7
Line: 1859, column: 0
console.error: 
  Handler function NetworkEventActorProxy.addResponseContent threw an exception: [Exception... "Component returned failure code: 0xc1f30001 (NS_ERROR_NOT_INITIALIZED) [nsIMessageSender.sendAsyncMessage]"  nsresult: "0xc1f30001 (NS_ERROR_NOT_INITIALIZED)"  location: "JS frame :: resource://devtools/shared/base-loader.js -> resource://devtools/shared/webconsole/network-monitor.js :: NetworkEventActorProxy.methodFactory/< :: line 1859"  data: no]
Stack: NetworkEventActorProxy.methodFactory/<@resource://devtools/shared/base-loader.js -> resource://devtools/shared/webconsole/network-monitor.js:1859:5
exports.makeInfallible/<@resource://devtools/shared/base-loader.js -> resource://devtools/shared/ThreadSafeDevToolsUtils.js:109:14
_onComplete@resource://devtools/shared/base-loader.js -> resource://devtools/shared/webconsole/network-monitor.js:641:5
onStreamClose@resource://devtools/shared/base-loader.js -> resource://devtools/shared/webconsole/network-monitor.js:598:7
onInputStreamReady@resource://devtools/shared/base-loader.js -> resource://devtools/shared/webconsole/network-monitor.js:689:7
Line: 1859, column: 0
Handler function NetworkEventActorProxy.addResponseContent threw an exception: [Exception... "Component returned failure code: 0xc1f30001 (NS_ERROR_NOT_INITIALIZED) [nsIMessageSender.sendAsyncMessage]"  nsresult: "0xc1f30001 (NS_ERROR_NOT_INITIALIZED)"  location: "JS frame :: resource://devtools/shared/base-loader.js -> resource://devtools/shared/webconsole/network-monitor.js :: NetworkEventActorProxy.methodFactory/< :: line 1859"  data: no]
Stack: NetworkEventActorProxy.methodFactory/<@resource://devtools/shared/base-loader.js -> resource://devtools/shared/webconsole/network-monitor.js:1859:5
exports.makeInfallible/<@resource://devtools/shared/base-loader.js -> resource://devtools/shared/ThreadSafeDevToolsUtils.js:109:14
_onComplete@resource://devtools/shared/base-loader.js -> resource://devtools/shared/webconsole/network-monitor.js:641:5
onStreamClose@resource://devtools/shared/base-loader.js -> resource://devtools/shared/webconsole/network-monitor.js:598:7
onInputStreamReady@resource://devtools/shared/base-loader.js -> resource://devtools/shared/webconsole/network-monitor.js:689:7
Line: 1859, column: 0
console.error: 
  Handler function NetworkEventActorProxy.addResponseContent threw an exception: [Exception... "Component returned failure code: 0xc1f30001 (NS_ERROR_NOT_INITIALIZED) [nsIMessageSender.sendAsyncMessage]"  nsresult: "0xc1f30001 (NS_ERROR_NOT_INITIALIZED)"  location: "JS frame :: resource://devtools/shared/base-loader.js -> resource://devtools/shared/webconsole/network-monitor.js :: NetworkEventActorProxy.methodFactory/< :: line 1859"  data: no]
Stack: NetworkEventActorProxy.methodFactory/<@resource://devtools/shared/base-loader.js -> resource://devtools/shared/webconsole/network-monitor.js:1859:5
exports.makeInfallible/<@resource://devtools/shared/base-loader.js -> resource://devtools/shared/ThreadSafeDevToolsUtils.js:109:14
_onComplete@resource://devtools/shared/base-loader.js -> resource://devtools/shared/webconsole/network-monitor.js:641:5
onStreamClose@resource://devtools/shared/base-loader.js -> resource://devtools/shared/webconsole/network-monitor.js:598:7
onInputStreamReady@resource://devtools/shared/base-loader.js -> resource://devtools/shared/webconsole/network-monitor.js:689:7
Line: 1859, column: 0
console.error: 
undefined
WebConsolePanel open failed. undefined: this.browserRequire is not a function
console.error: 
  WebConsolePanel open failed. undefined: this.browserRequire is not a function
  Message: TypeError: this.browserRequire is not a function
  Stack:
    _createSourceMapService@resource://devtools/shared/base-loader.js -> resource://devtools/client/framework/toolbox.js:569:19
get sourceMapURLService@resource://devtools/shared/base-loader.js -> resource://devtools/client/framework/toolbox.js:656:22
init/<@resource://devtools/shared/base-loader.js -> resource://devtools/client/webconsole/new-console-output/new-console-output-wrapper.js:151:11
init@resource://devtools/shared/base-loader.js -> resource://devtools/client/webconsole/new-console-output/new-console-output-wrapper.js:41:12
init@resource://devtools/shared/base-loader.js -> resource://devtools/client/webconsole/new-webconsole.js:88:11

*************************
A coding exception was thrown in a Promise resolution callback.
See https://developer.mozilla.org/Mozilla/JavaScript_code_modules/Promise.jsm/Promise

Full message: TypeError: panel is undefined
Full stack: onLoad/<@resource://devtools/shared/base-loader.js -> resource://devtools/client/framework/toolbox.js:1683:13
process@resource://gre/modules/Promise.jsm -> resource://gre/modules/Promise-backend.js:922:23
walkerLoop@resource://gre/modules/Promise.jsm -> resource://gre/modules/Promise-backend.js:806:7
scheduleWalkerLoop/<@resource://gre/modules/Promise.jsm -> resource://gre/modules/Promise-backend.js:742:11

*************************
*** UTM:SVC TimerManager:registerTimer called after profile-before-change notification. Ignoring timer registration for id: telemetry_modules_ping
*** UTM:SVC TimerManager:registerTimer called after profile-before-change notification. Ignoring timer registration for id: telemetry_modules_ping
1520887614823	geckodriver	INFO	geckodriver 0.19.1
1520887614858	geckodriver	INFO	Listening on 127.0.0.1:49051
1520887616143	mozrunner::runner	INFO	Running command: "/usr/bin/firefox" "-marionette" "--devtools" "-profile" "/tmp/rust_mozprofile.rClZ4Czm3T9Z"
1520887618533	Marionette	INFO	Enabled via --marionette
1520887623391	Marionette	INFO	Listening on port 37817
1520887623495	Marionette	WARN	TLS certificate errors will be ignored for this session
*** UTM:SVC TimerManager:registerTimer called after profile-before-change notification. Ignoring timer registration for id: telemetry_modules_ping
1520887678511	geckodriver	INFO	geckodriver 0.19.1
1520887678515	geckodriver	INFO	Listening on 127.0.0.1:43659
1520887679628	mozrunner::runner	INFO	Running command: "/usr/bin/firefox" "-marionette" "--devtools" "-profile" "/tmp/rust_mozprofile.wF6pQ4zrD6ga"
1520887680597	Marionette	INFO	Enabled via --marionette
1520887684326	Marionette	INFO	Listening on port 35691
1520887684360	Marionette	WARN	TLS certificate errors will be ignored for this session
1520887692239	geckodriver	INFO	geckodriver 0.19.1
1520887692244	geckodriver	INFO	Listening on 127.0.0.1:33021
1520887693361	mozrunner::runner	INFO	Running command: "/usr/bin/firefox" "-marionette" "--devtools" "-profile" "/tmp/rust_mozprofile.SWuzP66IyjJV"
1520887694552	Marionette	INFO	Enabled via --marionette
1520887698740	Marionette	INFO	Listening on port 35883
1520887699239	Marionette	WARN	TLS certificate errors will be ignored for this session
1520887705682	geckodriver	INFO	geckodriver 0.19.1
1520887705687	geckodriver	INFO	Listening on 127.0.0.1:34669
1520887706819	mozrunner::runner	INFO	Running command: "/usr/bin/firefox" "-marionette" "--devtools" "-profile" "/tmp/rust_mozprofile.GZtcQ4BNQ94H"
1520887708158	Marionette	INFO	Enabled via --marionette
1520887712323	Marionette	INFO	Listening on port 35789
1520887712366	Marionette	WARN	TLS certificate errors will be ignored for this session
1520890391584	geckodriver	INFO	geckodriver 0.19.1
1520890391591	geckodriver	INFO	Listening on 127.0.0.1:37155
1520890392741	mozrunner::runner	INFO	Running command: "/usr/bin/firefox" "-marionette" "--devtools" "-profile" "/tmp/rust_mozprofile.hOniIFBMoq9b"
1520890394081	Marionette	INFO	Enabled via --marionette
1520890398105	Marionette	INFO	Listening on port 33555
1520890398169	Marionette	WARN	TLS certificate errors will be ignored for this session
1520890404808	geckodriver	INFO	geckodriver 0.19.1
1520890404814	geckodriver	INFO	Listening on 127.0.0.1:46237
1520890405938	mozrunner::runner	INFO	Running command: "/usr/bin/firefox" "-marionette" "--devtools" "-profile" "/tmp/rust_mozprofile.z3rt10MRWFOl"
1520890406992	Marionette	INFO	Enabled via --marionette
1520890410800	Marionette	INFO	Listening on port 37747
1520890410861	Marionette	WARN	TLS certificate errors will be ignored for this session
1520890416695	geckodriver	INFO	geckodriver 0.19.1
1520890416703	geckodriver	INFO	Listening on 127.0.0.1:45745
1520890417828	mozrunner::runner	INFO	Running command: "/usr/bin/firefox" "-marionette" "--devtools" "-profile" "/tmp/rust_mozprofile.Vi0xWktEDOdi"
1520890418862	Marionette	INFO	Enabled via --marionette
1520890422796	Marionette	INFO	Listening on port 37159
1520890422849	Marionette	WARN	TLS certificate errors will be ignored for this session
1520890428739	geckodriver	INFO	geckodriver 0.19.1
1520890428745	geckodriver	INFO	Listening on 127.0.0.1:41149
1520890429875	mozrunner::runner	INFO	Running command: "/usr/bin/firefox" "-marionette" "--devtools" "-profile" "/tmp/rust_mozprofile.nmEwXBUqy0P5"
1520890431592	Marionette	INFO	Enabled via --marionette
1520890435273	Marionette	INFO	Listening on port 44565
1520890436089	Marionette	WARN	TLS certificate errors will be ignored for this session
1520890441655	geckodriver	INFO	geckodriver 0.19.1
1520890441659	geckodriver	INFO	Listening on 127.0.0.1:60391
1520890442778	mozrunner::runner	INFO	Running command: "/usr/bin/firefox" "-marionette" "--devtools" "-profile" "/tmp/rust_mozprofile.MhzDB1p6uTgB"
1520890444149	Marionette	INFO	Enabled via --marionette
1520890448307	Marionette	INFO	Listening on port 35877
1520890448400	Marionette	WARN	TLS certificate errors will be ignored for this session
Handler function NetworkEventActorProxy.addSecurityInfo threw an exception: [Exception... "Component returned failure code: 0xc1f30001 (NS_ERROR_NOT_INITIALIZED) [nsIMessageSender.sendAsyncMessage]"  nsresult: "0xc1f30001 (NS_ERROR_NOT_INITIALIZED)"  location: "JS frame :: resource://devtools/shared/base-loader.js -> resource://devtools/shared/webconsole/network-monitor.js :: NetworkEventActorProxy.methodFactory/< :: line 1859"  data: no]
Stack: NetworkEventActorProxy.methodFactory/<@resource://devtools/shared/base-loader.js -> resource://devtools/shared/webconsole/network-monitor.js:1859:5
exports.makeInfallible/<@resource://devtools/shared/base-loader.js -> resource://devtools/shared/ThreadSafeDevToolsUtils.js:109:14
NetworkResponseListener.prototype._getSecurityInfo<@resource://devtools/shared/base-loader.js -> resource://devtools/shared/webconsole/network-monitor.js:516:5
exports.makeInfallible/<@resource://devtools/shared/base-loader.js -> resource://devtools/shared/ThreadSafeDevToolsUtils.js:109:14
onStartRequest@resource://devtools/shared/base-loader.js -> resource://devtools/shared/webconsole/network-monitor.js:436:5
Line: 1859, column: 0
console.error: 
  Handler function NetworkEventActorProxy.addSecurityInfo threw an exception: [Exception... "Component returned failure code: 0xc1f30001 (NS_ERROR_NOT_INITIALIZED) [nsIMessageSender.sendAsyncMessage]"  nsresult: "0xc1f30001 (NS_ERROR_NOT_INITIALIZED)"  location: "JS frame :: resource://devtools/shared/base-loader.js -> resource://devtools/shared/webconsole/network-monitor.js :: NetworkEventActorProxy.methodFactory/< :: line 1859"  data: no]
Stack: NetworkEventActorProxy.methodFactory/<@resource://devtools/shared/base-loader.js -> resource://devtools/shared/webconsole/network-monitor.js:1859:5
exports.makeInfallible/<@resource://devtools/shared/base-loader.js -> resource://devtools/shared/ThreadSafeDevToolsUtils.js:109:14
NetworkResponseListener.prototype._getSecurityInfo<@resource://devtools/shared/base-loader.js -> resource://devtools/shared/webconsole/network-monitor.js:516:5
exports.makeInfallible/<@resource://devtools/shared/base-loader.js -> resource://devtools/shared/ThreadSafeDevToolsUtils.js:109:14
onStartRequest@resource://devtools/shared/base-loader.js -> resource://devtools/shared/webconsole/network-monitor.js:436:5
Line: 1859, column: 0
Handler function NetworkEventActorProxy.addSecurityInfo threw an exception: [Exception... "Component returned failure code: 0xc1f30001 (NS_ERROR_NOT_INITIALIZED) [nsIMessageSender.sendAsyncMessage]"  nsresult: "0xc1f30001 (NS_ERROR_NOT_INITIALIZED)"  location: "JS frame :: resource://devtools/shared/base-loader.js -> resource://devtools/shared/webconsole/network-monitor.js :: NetworkEventActorProxy.methodFactory/< :: line 1859"  data: no]
Stack: NetworkEventActorProxy.methodFactory/<@resource://devtools/shared/base-loader.js -> resource://devtools/shared/webconsole/network-monitor.js:1859:5
exports.makeInfallible/<@resource://devtools/shared/base-loader.js -> resource://devtools/shared/ThreadSafeDevToolsUtils.js:109:14
NetworkResponseListener.prototype._getSecurityInfo<@resource://devtools/shared/base-loader.js -> resource://devtools/shared/webconsole/network-monitor.js:516:5
exports.makeInfallible/<@resource://devtools/shared/base-loader.js -> resource://devtools/shared/ThreadSafeDevToolsUtils.js:109:14
onStartRequest@resource://devtools/shared/base-loader.js -> resource://devtools/shared/webconsole/network-monitor.js:436:5
Line: 1859, column: 0
console.error: 
1520890449800	geckodriver	INFO	geckodriver 0.19.1
  Handler function NetworkEventActorProxy.addSecurityInfo threw an exception: [Exception... "Component returned failure code: 0xc1f30001 (NS_ERROR_NOT_INITIALIZED) [nsIMessageSender.sendAsyncMessage]"  nsresult: "0xc1f30001 (NS_ERROR_NOT_INITIALIZED)"  location: "JS frame :: resource://devtools/shared/base-loader.js -> resource://devtools/shared/webconsole/network-monitor.js :: NetworkEventActorProxy.methodFactory/< :: line 1859"  data: no]
Stack: NetworkEventActorProxy.methodFactory/<@resource://devtools/shared/base-loader.js -> resource://devtools/shared/webconsole/network-monitor.js:1859:5
exports.makeInfallible/<@resource://devtools/shared/base-loader.js -> resource://devtools/shared/ThreadSafeDevToolsUtils.js:109:14
NetworkResponseListener.prototype._getSecurityInfo<@resource://devtools/shared/base-loader.js -> resource://devtools/shared/webconsole/network-monitor.js:516:5
exports.makeInfallible/<@resource://devtools/shared/base-loader.js -> resource://devtools/shared/ThreadSafeDevToolsUtils.js:109:14
onStartRequest@resource://devtools/shared/base-loader.js -> resource://devtools/shared/webconsole/network-monitor.js:436:5
Line: 1859, column: 0
Handler function NetworkEventActorProxy.addResponseContent threw an exception: [Exception... "Component returned failure code: 0xc1f30001 (NS_ERROR_NOT_INITIALIZED) [nsIMessageSender.sendAsyncMessage]"  nsresult: "0xc1f30001 (NS_ERROR_NOT_INITIALIZED)"  location: "JS frame :: resource://devtools/shared/base-loader.js -> resource://devtools/shared/webconsole/network-monitor.js :: NetworkEventActorProxy.methodFactory/< :: line 1859"  data: no]
Stack: NetworkEventActorProxy.methodFactory/<@resource://devtools/shared/base-loader.js -> resource://devtools/shared/webconsole/network-monitor.js:1859:5
exports.makeInfallible/<@resource://devtools/shared/base-loader.js -> resource://devtools/shared/ThreadSafeDevToolsUtils.js:109:14
_onComplete@resource://devtools/shared/base-loader.js -> resource://devtools/shared/webconsole/network-monitor.js:641:5
onStreamClose@resource://devtools/shared/base-loader.js -> resource://devtools/shared/webconsole/network-monitor.js:598:7
onInputStreamReady@resource://devtools/shared/base-loader.js -> resource://devtools/shared/webconsole/network-monitor.js:689:7
Line: 1859, column: 0
console.error: 
  Handler function NetworkEventActorProxy.addResponseContent threw an exception: [Exception... "Component returned failure code: 0xc1f30001 (NS_ERROR_NOT_INITIALIZED) [nsIMessageSender.sendAsyncMessage]"  nsresult: "0xc1f30001 (NS_ERROR_NOT_INITIALIZED)"  location: "JS frame :: resource://devtools/shared/base-loader.js -> resource://devtools/shared/webconsole/network-monitor.js :: NetworkEventActorProxy.methodFactory/< :: line 1859"  data: no]
Stack: NetworkEventActorProxy.methodFactory/<@resource://devtools/shared/base-loader.js -> resource://devtools/shared/webconsole/network-monitor.js:1859:5
exports.makeInfallible/<@resource://devtools/shared/base-loader.js -> resource://devtools/shared/ThreadSafeDevToolsUtils.js:109:14
_onComplete@resource://devtools/shared/base-loader.js -> resource://devtools/shared/webconsole/network-monitor.js:641:5
onStreamClose@resource://devtools/shared/base-loader.js -> resource://devtools/shared/webconsole/network-monitor.js:598:7
onInputStreamReady@resource://devtools/shared/base-loader.js -> resource://devtools/shared/webconsole/network-monitor.js:689:7
Line: 1859, column: 0
Handler function NetworkEventActorProxy.addResponseContent threw an exception: [Exception... "Component returned failure code: 0xc1f30001 (NS_ERROR_NOT_INITIALIZED) [nsIMessageSender.sendAsyncMessage]"  nsresult: "0xc1f30001 (NS_ERROR_NOT_INITIALIZED)"  location: "JS frame :: resource://devtools/shared/base-loader.js -> resource://devtools/shared/webconsole/network-monitor.js :: NetworkEventActorProxy.methodFactory/< :: line 1859"  data: no]
Stack: NetworkEventActorProxy.methodFactory/<@resource://devtools/shared/base-loader.js -> resource://devtools/shared/webconsole/network-monitor.js:1859:5
exports.makeInfallible/<@resource://devtools/shared/base-loader.js -> resource://devtools/shared/ThreadSafeDevToolsUtils.js:109:14
_onComplete@resource://devtools/shared/base-loader.js -> resource://devtools/shared/webconsole/network-monitor.js:641:5
onStreamClose@resource://devtools/shared/base-loader.js -> resource://devtools/shared/webconsole/network-monitor.js:598:7
onInputStreamReady@resource://devtools/shared/base-loader.js -> resource://devtools/shared/webconsole/network-monitor.js:689:7
Line: 1859, column: 0
console.error: 
  Handler function NetworkEventActorProxy.addResponseContent threw an exception: [Exception... "Component returned failure code: 0xc1f30001 (NS_ERROR_NOT_INITIALIZED) [nsIMessageSender.sendAsyncMessage]"  nsresult: "0xc1f30001 (NS_ERROR_NOT_INITIALIZED)"  location: "JS frame :: resource://devtools/shared/base-loader.js -> resource://devtools/shared/webconsole/network-monitor.js :: NetworkEventActorProxy.methodFactory/< :: line 1859"  data: no]
Stack: NetworkEventActorProxy.methodFactory/<@resource://devtools/shared/base-loader.js -> resource://devtools/shared/webconsole/network-monitor.js:1859:5
exports.makeInfallible/<@resource://devtools/shared/base-loader.js -> resource://devtools/shared/ThreadSafeDevToolsUtils.js:109:14
_onComplete@resource://devtools/shared/base-loader.js -> resource://devtools/shared/webconsole/network-monitor.js:641:5
onStreamClose@resource://devtools/shared/base-loader.js -> resource://devtools/shared/webconsole/network-monitor.js:598:7
onInputStreamReady@resource://devtools/shared/base-loader.js -> resource://devtools/shared/webconsole/network-monitor.js:689:7
Line: 1859, column: 0
1520890449806	geckodriver	INFO	Listening on 127.0.0.1:42627
WebConsolePanel open failed. undefined: this.browserRequire is not a function
console.error: 
  WebConsolePanel open failed. undefined: this.browserRequire is not a function
  Message: TypeError: this.browserRequire is not a function
  Stack:
    _createSourceMapService@resource://devtools/shared/base-loader.js -> resource://devtools/client/framework/toolbox.js:569:19
get sourceMapURLService@resource://devtools/shared/base-loader.js -> resource://devtools/client/framework/toolbox.js:656:22
init/<@resource://devtools/shared/base-loader.js -> resource://devtools/client/webconsole/new-console-output/new-console-output-wrapper.js:151:11
init@resource://devtools/shared/base-loader.js -> resource://devtools/client/webconsole/new-console-output/new-console-output-wrapper.js:41:12
init@resource://devtools/shared/base-loader.js -> resource://devtools/client/webconsole/new-webconsole.js:88:11
observe@resource://gre/modules/AsyncShutdown.jsm:535:9

*************************
A coding exception was thrown in a Promise resolution callback.
See https://developer.mozilla.org/Mozilla/JavaScript_code_modules/Promise.jsm/Promise

Full message: TypeError: panel is undefined
Full stack: onLoad/<@resource://devtools/shared/base-loader.js -> resource://devtools/client/framework/toolbox.js:1683:13
process@resource://gre/modules/Promise.jsm -> resource://gre/modules/Promise-backend.js:922:23
walkerLoop@resource://gre/modules/Promise.jsm -> resource://gre/modules/Promise-backend.js:806:7
scheduleWalkerLoop/<@resource://gre/modules/Promise.jsm -> resource://gre/modules/Promise-backend.js:742:11
observe@resource://gre/modules/AsyncShutdown.jsm:535:9

*************************
*** UTM:SVC TimerManager:registerTimer called after profile-before-change notification. Ignoring timer registration for id: telemetry_modules_ping
1520890450948	mozrunner::runner	INFO	Running command: "/usr/bin/firefox" "-marionette" "--devtools" "-profile" "/tmp/rust_mozprofile.WFDRw9sS03sh"
*** UTM:SVC TimerManager:registerTimer called after profile-before-change notification. Ignoring timer registration for id: telemetry_modules_ping
*** UTM:SVC TimerManager:registerTimer called after profile-before-change notification. Ignoring timer registration for id: telemetry_modules_ping
1520890453169	Marionette	INFO	Enabled via --marionette
*** UTM:SVC TimerManager:registerTimer called after profile-before-change notification. Ignoring timer registration for id: telemetry_modules_ping
*** UTM:SVC TimerManager:registerTimer called after profile-before-change notification. Ignoring timer registration for id: telemetry_modules_ping
JavaScript error: resource://shield-recipe-client/lib/ShieldRecipeClient.jsm, line 70: TypeError: log is undefined
JavaScript error: resource://devtools/shared/base-loader.js -> resource://devtools/shared/async-storage.js, line 66: UnknownError: The operation failed for reasons unrelated to the database itself and not covered by any other error code.
*** UTM:SVC TimerManager:registerTimer called after profile-before-change notification. Ignoring timer registration for id: telemetry_modules_ping
1520890459208	geckodriver	INFO	geckodriver 0.19.1
1520890459213	geckodriver	INFO	Listening on 127.0.0.1:41325
1520890498593	geckodriver	INFO	geckodriver 0.19.1
1520890498598	geckodriver	INFO	Listening on 127.0.0.1:55533
1520890499723	mozrunner::runner	INFO	Running command: "/usr/bin/firefox" "-marionette" "--devtools" "-profile" "/tmp/rust_mozprofile.NtXt24YP0fZv"
1520890500690	Marionette	INFO	Enabled via --marionette
1520890504283	Marionette	INFO	Listening on port 35049
1520890504350	Marionette	WARN	TLS certificate errors will be ignored for this session
Handler function NetworkEventActorProxy.addSecurityInfo threw an exception: [Exception... "Component returned failure code: 0xc1f30001 (NS_ERROR_NOT_INITIALIZED) [nsIMessageSender.sendAsyncMessage]"  nsresult: "0xc1f30001 (NS_ERROR_NOT_INITIALIZED)"  location: "JS frame :: resource://devtools/shared/base-loader.js -> resource://devtools/shared/webconsole/network-monitor.js :: NetworkEventActorProxy.methodFactory/< :: line 1859"  data: no]
Stack: NetworkEventActorProxy.methodFactory/<@resource://devtools/shared/base-loader.js -> resource://devtools/shared/webconsole/network-monitor.js:1859:5
exports.makeInfallible/<@resource://devtools/shared/base-loader.js -> resource://devtools/shared/ThreadSafeDevToolsUtils.js:109:14
NetworkResponseListener.prototype._getSecurityInfo<@resource://devtools/shared/base-loader.js -> resource://devtools/shared/webconsole/network-monitor.js:516:5
exports.makeInfallible/<@resource://devtools/shared/base-loader.js -> resource://devtools/shared/ThreadSafeDevToolsUtils.js:109:14
onStartRequest@resource://devtools/shared/base-loader.js -> resource://devtools/shared/webconsole/network-monitor.js:436:5
Line: 1859, column: 0
console.error: 
  Handler function NetworkEventActorProxy.addSecurityInfo threw an exception: [Exception... "Component returned failure code: 0xc1f30001 (NS_ERROR_NOT_INITIALIZED) [nsIMessageSender.sendAsyncMessage]"  nsresult: "0xc1f30001 (NS_ERROR_NOT_INITIALIZED)"  location: "JS frame :: resource://devtools/shared/base-loader.js -> resource://devtools/shared/webconsole/network-monitor.js :: NetworkEventActorProxy.methodFactory/< :: line 1859"  data: no]
Stack: NetworkEventActorProxy.methodFactory/<@resource://devtools/shared/base-loader.js -> resource://devtools/shared/webconsole/network-monitor.js:1859:5
exports.makeInfallible/<@resource://devtools/shared/base-loader.js -> resource://devtools/shared/ThreadSafeDevToolsUtils.js:109:14
NetworkResponseListener.prototype._getSecurityInfo<@resource://devtools/shared/base-loader.js -> resource://devtools/shared/webconsole/network-monitor.js:516:5
exports.makeInfallible/<@resource://devtools/shared/base-loader.js -> resource://devtools/shared/ThreadSafeDevToolsUtils.js:109:14
onStartRequest@resource://devtools/shared/base-loader.js -> resource://devtools/shared/webconsole/network-monitor.js:436:5
Line: 1859, column: 0
Handler function NetworkEventActorProxy.addSecurityInfo threw an exception: [Exception... "Component returned failure code: 0xc1f30001 (NS_ERROR_NOT_INITIALIZED) [nsIMessageSender.sendAsyncMessage]"  nsresult: "0xc1f30001 (NS_ERROR_NOT_INITIALIZED)"  location: "JS frame :: resource://devtools/shared/base-loader.js -> resource://devtools/shared/webconsole/network-monitor.js :: NetworkEventActorProxy.methodFactory/< :: line 1859"  data: no]
Stack: NetworkEventActorProxy.methodFactory/<@resource://devtools/shared/base-loader.js -> resource://devtools/shared/webconsole/network-monitor.js:1859:5
exports.makeInfallible/<@resource://devtools/shared/base-loader.js -> resource://devtools/shared/ThreadSafeDevToolsUtils.js:109:14
NetworkResponseListener.prototype._getSecurityInfo<@resource://devtools/shared/base-loader.js -> resource://devtools/shared/webconsole/network-monitor.js:516:5
exports.makeInfallible/<@resource://devtools/shared/base-loader.js -> resource://devtools/shared/ThreadSafeDevToolsUtils.js:109:14
onStartRequest@resource://devtools/shared/base-loader.js -> resource://devtools/shared/webconsole/network-monitor.js:436:5
Line: 1859, column: 0
console.error: 
  Handler function NetworkEventActorProxy.addSecurityInfo threw an exception: [Exception... "Component returned failure code: 0xc1f30001 (NS_ERROR_NOT_INITIALIZED) [nsIMessageSender.sendAsyncMessage]"  nsresult: "0xc1f30001 (NS_ERROR_NOT_INITIALIZED)"  location: "JS frame :: resource://devtools/shared/base-loader.js -> resource://devtools/shared/webconsole/network-monitor.js :: NetworkEventActorProxy.methodFactory/< :: line 1859"  data: no]
Stack: NetworkEventActorProxy.methodFactory/<@resource://devtools/shared/base-loader.js -> resource://devtools/shared/webconsole/network-monitor.js:1859:5
exports.makeInfallible/<@resource://devtools/shared/base-loader.js -> resource://devtools/shared/ThreadSafeDevToolsUtils.js:109:14
NetworkResponseListener.prototype._getSecurityInfo<@resource://devtools/shared/base-loader.js -> resource://devtools/shared/webconsole/network-monitor.js:516:5
exports.makeInfallible/<@resource://devtools/shared/base-loader.js -> resource://devtools/shared/ThreadSafeDevToolsUtils.js:109:14
onStartRequest@resource://devtools/shared/base-loader.js -> resource://devtools/shared/webconsole/network-monitor.js:436:5
Line: 1859, column: 0
Handler function NetworkEventActorProxy.addResponseContent threw an exception: [Exception... "Component returned failure code: 0xc1f30001 (NS_ERROR_NOT_INITIALIZED) [nsIMessageSender.sendAsyncMessage]"  nsresult: "0xc1f30001 (NS_ERROR_NOT_INITIALIZED)"  location: "JS frame :: resource://devtools/shared/base-loader.js -> resource://devtools/shared/webconsole/network-monitor.js :: NetworkEventActorProxy.methodFactory/< :: line 1859"  data: no]
Stack: NetworkEventActorProxy.methodFactory/<@resource://devtools/shared/base-loader.js -> resource://devtools/shared/webconsole/network-monitor.js:1859:5
exports.makeInfallible/<@resource://devtools/shared/base-loader.js -> resource://devtools/shared/ThreadSafeDevToolsUtils.js:109:14
_onComplete@resource://devtools/shared/base-loader.js -> resource://devtools/shared/webconsole/network-monitor.js:641:5
onStreamClose@resource://devtools/shared/base-loader.js -> resource://devtools/shared/webconsole/network-monitor.js:598:7
onInputStreamReady@resource://devtools/shared/base-loader.js -> resource://devtools/shared/webconsole/network-monitor.js:689:7
Line: 1859, column: 0
console.error: 
  Handler function NetworkEventActorProxy.addResponseContent threw an exception: [Exception... "Component returned failure code: 0xc1f30001 (NS_ERROR_NOT_INITIALIZED) [nsIMessageSender.sendAsyncMessage]"  nsresult: "0xc1f30001 (NS_ERROR_NOT_INITIALIZED)"  location: "JS frame :: resource://devtools/shared/base-loader.js -> resource://devtools/shared/webconsole/network-monitor.js :: NetworkEventActorProxy.methodFactory/< :: line 1859"  data: no]
Stack: NetworkEventActorProxy.methodFactory/<@resource://devtools/shared/base-loader.js -> resource://devtools/shared/webconsole/network-monitor.js:1859:5
exports.makeInfallible/<@resource://devtools/shared/base-loader.js -> resource://devtools/shared/ThreadSafeDevToolsUtils.js:109:14
_onComplete@resource://devtools/shared/base-loader.js -> resource://devtools/shared/webconsole/network-monitor.js:641:5
onStreamClose@resource://devtools/shared/base-loader.js -> resource://devtools/shared/webconsole/network-monitor.js:598:7
onInputStreamReady@resource://devtools/shared/base-loader.js -> resource://devtools/shared/webconsole/network-monitor.js:689:7
Line: 1859, column: 0
Handler function NetworkEventActorProxy.addResponseContent threw an exception: [Exception... "Component returned failure code: 0xc1f30001 (NS_ERROR_NOT_INITIALIZED) [nsIMessageSender.sendAsyncMessage]"  nsresult: "0xc1f30001 (NS_ERROR_NOT_INITIALIZED)"  location: "JS frame :: resource://devtools/shared/base-loader.js -> resource://devtools/shared/webconsole/network-monitor.js :: NetworkEventActorProxy.methodFactory/< :: line 1859"  data: no]
Stack: NetworkEventActorProxy.methodFactory/<@resource://devtools/shared/base-loader.js -> resource://devtools/shared/webconsole/network-monitor.js:1859:5
exports.makeInfallible/<@resource://devtools/shared/base-loader.js -> resource://devtools/shared/ThreadSafeDevToolsUtils.js:109:14
_onComplete@resource://devtools/shared/base-loader.js -> resource://devtools/shared/webconsole/network-monitor.js:641:5
onStreamClose@resource://devtools/shared/base-loader.js -> resource://devtools/shared/webconsole/network-monitor.js:598:7
onInputStreamReady@resource://devtools/shared/base-loader.js -> resource://devtools/shared/webconsole/network-monitor.js:689:7
Line: 1859, column: 0
console.error: 
  Handler function NetworkEventActorProxy.addResponseContent threw an exception: [Exception... "Component returned failure code: 0xc1f30001 (NS_ERROR_NOT_INITIALIZED) [nsIMessageSender.sendAsyncMessage]"  nsresult: "0xc1f30001 (NS_ERROR_NOT_INITIALIZED)"  location: "JS frame :: resource://devtools/shared/base-loader.js -> resource://devtools/shared/webconsole/network-monitor.js :: NetworkEventActorProxy.methodFactory/< :: line 1859"  data: no]
Stack: NetworkEventActorProxy.methodFactory/<@resource://devtools/shared/base-loader.js -> resource://devtools/shared/webconsole/network-monitor.js:1859:5
exports.makeInfallible/<@resource://devtools/shared/base-loader.js -> resource://devtools/shared/ThreadSafeDevToolsUtils.js:109:14
_onComplete@resource://devtools/shared/base-loader.js -> resource://devtools/shared/webconsole/network-monitor.js:641:5
onStreamClose@resource://devtools/shared/base-loader.js -> resource://devtools/shared/webconsole/network-monitor.js:598:7
onInputStreamReady@resource://devtools/shared/base-loader.js -> resource://devtools/shared/webconsole/network-monitor.js:689:7
Line: 1859, column: 0
1520890505618	geckodriver	INFO	geckodriver 0.19.1
1520890505624	geckodriver	INFO	Listening on 127.0.0.1:35453
WebConsolePanel open failed. undefined: this.browserRequire is not a function
console.error: 
  WebConsolePanel open failed. undefined: this.browserRequire is not a function
  Message: TypeError: this.browserRequire is not a function
  Stack:
    _createSourceMapService@resource://devtools/shared/base-loader.js -> resource://devtools/client/framework/toolbox.js:569:19
get sourceMapURLService@resource://devtools/shared/base-loader.js -> resource://devtools/client/framework/toolbox.js:656:22
init/<@resource://devtools/shared/base-loader.js -> resource://devtools/client/webconsole/new-console-output/new-console-output-wrapper.js:151:11
init@resource://devtools/shared/base-loader.js -> resource://devtools/client/webconsole/new-console-output/new-console-output-wrapper.js:41:12
init@resource://devtools/shared/base-loader.js -> resource://devtools/client/webconsole/new-webconsole.js:88:11
observe@resource://gre/modules/AsyncShutdown.jsm:535:9

*************************
A coding exception was thrown in a Promise resolution callback.
See https://developer.mozilla.org/Mozilla/JavaScript_code_modules/Promise.jsm/Promise

Full message: TypeError: panel is undefined
Full stack: onLoad/<@resource://devtools/shared/base-loader.js -> resource://devtools/client/framework/toolbox.js:1683:13
process@resource://gre/modules/Promise.jsm -> resource://gre/modules/Promise-backend.js:922:23
walkerLoop@resource://gre/modules/Promise.jsm -> resource://gre/modules/Promise-backend.js:806:7
scheduleWalkerLoop/<@resource://gre/modules/Promise.jsm -> resource://gre/modules/Promise-backend.js:742:11
observe@resource://gre/modules/AsyncShutdown.jsm:535:9

*************************
*** UTM:SVC TimerManager:registerTimer called after profile-before-change notification. Ignoring timer registration for id: telemetry_modules_ping
1520890506749	mozrunner::runner	INFO	Running command: "/usr/bin/firefox" "-marionette" "--devtools" "-profile" "/tmp/rust_mozprofile.IQpy5p0nZ8Bw"
1520890507834	Marionette	INFO	Enabled via --marionette
1520890511101	addons.xpi	WARN	Exception running bootstrap method shutdown on activity-stream@mozilla.org: [Exception... "Component returned failure code: 0x80004005 (NS_ERROR_FAILURE) [nsIObserverService.removeObserver]"  nsresult: "0x80004005 (NS_ERROR_FAILURE)"  location: "JS frame :: resource://activity-stream/lib/SnippetsFeed.jsm :: uninit :: line 125"  data: no] Stack trace: uninit()@resource://activity-stream/lib/SnippetsFeed.jsm:125 < onAction()@resource://activity-stream/lib/SnippetsFeed.jsm:141 < _middleware/</<()@resource://activity-stream/lib/Store.jsm:51 < Store/this[method]()@resource://activity-stream/lib/Store.jsm:30 < uninit()@resource://activity-stream/lib/Store.jsm:153 < uninit()@resource://activity-stream/lib/ActivityStream.jsm:278 < uninit()@resource://gre/modules/addons/XPIProvider.jsm -> jar:file:///usr/lib/firefox/browser/features/activity-stream@mozilla.org.xpi!/bootstrap.js:80 < shutdown()@resource://gre/modules/addons/XPIProvider.jsm -> jar:file:///usr/lib/firefox/browser/features/activity-stream@mozilla.org.xpi!/bootstrap.js:196 < callBootstrapMethod()@resource://gre/modules/addons/XPIProvider.jsm:4406 < observe()@resource://gre/modules/addons/XPIProvider.jsm:2270
1520890511247	Marionette	INFO	Listening on port 37091
JavaScript error: resource://shield-recipe-client/lib/ShieldRecipeClient.jsm, line 70: TypeError: log is undefined
1520890511270	Marionette	WARN	TLS certificate errors will be ignored for this session
1520890511407	geckodriver	INFO	geckodriver 0.19.1
1520890511412	geckodriver	INFO	Listening on 127.0.0.1:42233
1520890512526	mozrunner::runner	INFO	Running command: "/usr/bin/firefox" "-marionette" "--devtools" "-profile" "/tmp/rust_mozprofile.oZvcHzfTRWg5"
1520890535391	geckodriver	INFO	geckodriver 0.19.1
1520890535397	geckodriver	INFO	Listening on 127.0.0.1:33245
1520890536515	mozrunner::runner	INFO	Running command: "/usr/bin/firefox" "-marionette" "--devtools" "-profile" "/tmp/rust_mozprofile.crftzXragJxA"
1520890537548	Marionette	INFO	Enabled via --marionette
1520890541343	Marionette	INFO	Listening on port 42263
1520890541432	Marionette	WARN	TLS certificate errors will be ignored for this session
1520890816357	geckodriver	INFO	geckodriver 0.19.1
1520890816363	geckodriver	INFO	Listening on 127.0.0.1:42727
1520890817493	mozrunner::runner	INFO	Running command: "/usr/bin/firefox" "-marionette" "--devtools" "-profile" "/tmp/rust_mozprofile.36vlpFfEohGT"
1520890818531	Marionette	INFO	Enabled via --marionette
1520890822257	Marionette	INFO	Listening on port 35443
1520890822311	Marionette	WARN	TLS certificate errors will be ignored for this session
*** UTM:SVC TimerManager:registerTimer called after profile-before-change notification. Ignoring timer registration for id: telemetry_modules_ping
1520890995080	geckodriver	INFO	geckodriver 0.19.1
1520890995086	geckodriver	INFO	Listening on 127.0.0.1:35879
1520890996195	mozrunner::runner	INFO	Running command: "/usr/bin/firefox" "-marionette" "--devtools" "-profile" "/tmp/rust_mozprofile.WdSm6aK1ZiMx"
1520890997106	Marionette	INFO	Enabled via --marionette
1520891000775	Marionette	INFO	Listening on port 40585
1520891000823	Marionette	WARN	TLS certificate errors will be ignored for this session
*** UTM:SVC TimerManager:registerTimer called after profile-before-change notification. Ignoring timer registration for id: telemetry_modules_ping
1520955083542	geckodriver	INFO	geckodriver 0.19.1
1520955083548	geckodriver	INFO	Listening on 127.0.0.1:46961
1520955083735	mozrunner::runner	INFO	Running command: "/usr/bin/firefox" "-marionette" "--devtools" "-profile" "/tmp/rust_mozprofile.HQPPD6lpza65"
1520955085676	Marionette	INFO	Enabled via --marionette
1520955089543	Marionette	INFO	Listening on port 40127
1520955089570	Marionette	WARN	TLS certificate errors will be ignored for this session
*** UTM:SVC TimerManager:registerTimer called after profile-before-change notification. Ignoring timer registration for id: telemetry_modules_ping
1520955289783	geckodriver	INFO	geckodriver 0.19.1
1520955289788	geckodriver	INFO	Listening on 127.0.0.1:36919
1520955289978	mozrunner::runner	INFO	Running command: "/usr/bin/firefox" "-marionette" "--devtools" "-profile" "/tmp/rust_mozprofile.8MqIoMdK0IQZ"
1520955291208	Marionette	INFO	Enabled via --marionette
1520955294764	Marionette	INFO	Listening on port 38281
1520955294806	Marionette	WARN	TLS certificate errors will be ignored for this session
1520955299876	geckodriver	INFO	geckodriver 0.19.1
1520955299882	geckodriver	INFO	Listening on 127.0.0.1:56275
1520955301002	mozrunner::runner	INFO	Running command: "/usr/bin/firefox" "-marionette" "--devtools" "-profile" "/tmp/rust_mozprofile.RrM7iJ2JDvcg"
1520955302243	Marionette	INFO	Enabled via --marionette
1520955305837	Marionette	INFO	Listening on port 37645
1520955306621	Marionette	WARN	TLS certificate errors will be ignored for this session
1520955310813	geckodriver	INFO	geckodriver 0.19.1
1520955310818	geckodriver	INFO	Listening on 127.0.0.1:47607
1520955311957	mozrunner::runner	INFO	Running command: "/usr/bin/firefox" "-marionette" "--devtools" "-profile" "/tmp/rust_mozprofile.2NgeEHnGE6AP"
1520955313203	Marionette	INFO	Enabled via --marionette
1520955317501	Marionette	INFO	Listening on port 36981
1520955317592	Marionette	WARN	TLS certificate errors will be ignored for this session
1521061539065	geckodriver	INFO	geckodriver 0.19.1
1521061539109	geckodriver	INFO	Listening on 127.0.0.1:58839
1521061540331	mozrunner::runner	INFO	Running command: "/usr/bin/firefox" "-marionette" "-headless" "-profile" "/tmp/rust_mozprofile.eMpUi83J400H"
*** You are running in headless mode.
1521061544260	Marionette	INFO	Enabled via --marionette
1521061547737	Marionette	INFO	Listening on port 36987
1521061548643	Marionette	WARN	TLS certificate errors will be ignored for this session
1521061832176	geckodriver	INFO	geckodriver 0.19.1
1521061832182	geckodriver	INFO	Listening on 127.0.0.1:55111
1521061833302	mozrunner::runner	INFO	Running command: "/usr/bin/firefox" "-marionette" "--headless" "-profile" "/tmp/rust_mozprofile.5GssiSQc6fif"
*** You are running in headless mode.
1521061834146	Marionette	INFO	Enabled via --marionette
1521061836650	Marionette	INFO	Listening on port 38939
1521061836716	Marionette	WARN	TLS certificate errors will be ignored for this session
1521061969347	geckodriver	INFO	geckodriver 0.19.1
1521061969353	geckodriver	INFO	Listening on 127.0.0.1:49459
1521061970474	mozrunner::runner	INFO	Running command: "/usr/bin/firefox" "-marionette" "--headless" "-profile" "/tmp/rust_mozprofile.4UfDi9GNl6n1"
*** You are running in headless mode.
1521061971337	Marionette	INFO	Enabled via --marionette
1521061973711	Marionette	INFO	Listening on port 45867
1521061973809	Marionette	WARN	TLS certificate errors will be ignored for this session
[GFX1-]: Receive IPC close with reason=AbnormalShutdown
1521142778546	geckodriver	INFO	geckodriver 0.19.1
1521142778605	geckodriver	INFO	Listening on 127.0.0.1:47511
1521142779816	mozrunner::runner	INFO	Running command: "/usr/bin/firefox" "-marionette" "--devtools" "-profile" "/tmp/rust_mozprofile.YHfuV2JWgCuf"
1521142781064	Marionette	INFO	Enabled via --marionette
1521142784980	Marionette	INFO	Listening on port 39983
1521142785830	Marionette	WARN	TLS certificate errors will be ignored for this session
1521142794241	geckodriver	INFO	geckodriver 0.19.1
1521142794248	geckodriver	INFO	Listening on 127.0.0.1:36649
1521142795395	mozrunner::runner	INFO	Running command: "/usr/bin/firefox" "-marionette" "--devtools" "-profile" "/tmp/rust_mozprofile.UJ9giAYIz6RO"
1521142796934	Marionette	INFO	Enabled via --marionette
1521142800328	Marionette	INFO	Listening on port 37485
1521142800966	Marionette	WARN	TLS certificate errors will be ignored for this session
1521142808693	geckodriver	INFO	geckodriver 0.19.1
1521142808697	geckodriver	INFO	Listening on 127.0.0.1:42437
1521142809816	mozrunner::runner	INFO	Running command: "/usr/bin/firefox" "-marionette" "--devtools" "-profile" "/tmp/rust_mozprofile.lk4MUFVPEUC6"
1521142811088	Marionette	INFO	Enabled via --marionette
1521142814468	Marionette	INFO	Listening on port 38079
1521142815116	Marionette	WARN	TLS certificate errors will be ignored for this session
1521148227323	geckodriver	INFO	geckodriver 0.19.1
1521148227329	geckodriver	INFO	Listening on 127.0.0.1:55387
1521148228493	mozrunner::runner	INFO	Running command: "/usr/bin/firefox" "-marionette" "--devtools" "-profile" "/tmp/rust_mozprofile.gkqCZuisRqCN"
1521148230188	Marionette	INFO	Enabled via --marionette
1521148234192	Marionette	INFO	Listening on port 33019
1521148234256	Marionette	WARN	TLS certificate errors will be ignored for this session
1521148242421	geckodriver	INFO	geckodriver 0.19.1
1521148242429	geckodriver	INFO	Listening on 127.0.0.1:38651
1521148243551	mozrunner::runner	INFO	Running command: "/usr/bin/firefox" "-marionette" "--devtools" "-profile" "/tmp/rust_mozprofile.TahVo4697dHV"
1521148244504	Marionette	INFO	Enabled via --marionette
1521148247852	Marionette	INFO	Listening on port 40275
1521148247874	Marionette	WARN	TLS certificate errors will be ignored for this session
1521148257362	geckodriver	INFO	geckodriver 0.19.1
1521148257366	geckodriver	INFO	Listening on 127.0.0.1:41547
1521148258485	mozrunner::runner	INFO	Running command: "/usr/bin/firefox" "-marionette" "--devtools" "-profile" "/tmp/rust_mozprofile.0OIVrkRlyb68"
1521148259384	Marionette	INFO	Enabled via --marionette
1521148262710	Marionette	INFO	Listening on port 34933
1521148262800	Marionette	WARN	TLS certificate errors will be ignored for this session
1521227484213	geckodriver	INFO	geckodriver 0.19.1
1521227484246	geckodriver	INFO	Listening on 127.0.0.1:52727
1521227484588	mozrunner::runner	INFO	Running command: "/usr/bin/firefox" "-marionette" "--devtools" "-profile" "/tmp/rust_mozprofile.JWyBetXkfyAS"
1521227488714	Marionette	INFO	Enabled via --marionette
1521227496060	Marionette	INFO	Listening on port 37017
1521227496134	Marionette	WARN	TLS certificate errors will be ignored for this session
*** UTM:SVC TimerManager:registerTimer called after profile-before-change notification. Ignoring timer registration for id: telemetry_modules_ping
1521227582988	geckodriver	INFO	geckodriver 0.19.1
1521227582995	geckodriver	INFO	Listening on 127.0.0.1:39155
1521227583165	mozrunner::runner	INFO	Running command: "/usr/bin/firefox" "-marionette" "--devtools" "-profile" "/tmp/rust_mozprofile.rYjHwmVbaPBc"
1521227584364	Marionette	INFO	Enabled via --marionette
1521227587708	Marionette	INFO	Listening on port 40373
1521227588288	Marionette	WARN	TLS certificate errors will be ignored for this session
*** UTM:SVC TimerManager:registerTimer called after profile-before-change notification. Ignoring timer registration for id: telemetry_modules_ping
1521227635732	geckodriver	INFO	geckodriver 0.19.1
1521227635738	geckodriver	INFO	Listening on 127.0.0.1:56033
1521227636861	mozrunner::runner	INFO	Running command: "/usr/bin/firefox" "-marionette" "--devtools" "-profile" "/tmp/rust_mozprofile.k9hrSri299TM"
1521227637784	Marionette	INFO	Enabled via --marionette
1521227641218	Marionette	INFO	Listening on port 36857
1521227641280	Marionette	WARN	TLS certificate errors will be ignored for this session
*** UTM:SVC TimerManager:registerTimer called after profile-before-change notification. Ignoring timer registration for id: telemetry_modules_ping
1521228439247	geckodriver	INFO	geckodriver 0.19.1
1521228439253	geckodriver	INFO	Listening on 127.0.0.1:53771
1521228439476	mozrunner::runner	INFO	Running command: "/usr/bin/firefox" "-marionette" "--devtools" "-profile" "/tmp/rust_mozprofile.T5QiB8dyjrGD"
1521228441506	Marionette	INFO	Enabled via --marionette
1521228445348	Marionette	INFO	Listening on port 40677
1521228445408	Marionette	WARN	TLS certificate errors will be ignored for this session
1521228451587	geckodriver	INFO	geckodriver 0.19.1
1521228451591	geckodriver	INFO	Listening on 127.0.0.1:49593
1521228452736	mozrunner::runner	INFO	Running command: "/usr/bin/firefox" "-marionette" "--devtools" "-profile" "/tmp/rust_mozprofile.rwzq8hMs7WOQ"
1521228454412	Marionette	INFO	Enabled via --marionette
1521228458178	Marionette	INFO	Listening on port 43349
1521228458722	Marionette	WARN	TLS certificate errors will be ignored for this session
1521228464356	geckodriver	INFO	geckodriver 0.19.1
1521228464363	geckodriver	INFO	Listening on 127.0.0.1:60401
1521228465482	mozrunner::runner	INFO	Running command: "/usr/bin/firefox" "-marionette" "--devtools" "-profile" "/tmp/rust_mozprofile.CB6k8e8qGIx8"
1521228466424	Marionette	INFO	Enabled via --marionette
1521228470152	Marionette	INFO	Listening on port 40499
1521228470202	Marionette	WARN	TLS certificate errors will be ignored for this session
